<?xml version="1.0" encoding="UTF-8"?>
<testng-results ignored="0" total="2" passed="2" failed="0" skipped="0">
  <reporter-output>
  </reporter-output>
  <suite started-at="2025-12-25T23:18:52 IST" name="E-Commerce Suite" finished-at="2025-12-25T23:19:48 IST" duration-ms="56317">
    <groups>
      <group name="smoke">
        <method signature="EndUserTest.buyProduct()[pri:0, instance:tests.EndUserTest@12bcd0c0]" name="buyProduct" class="tests.EndUserTest"/>
      </group> <!-- smoke -->
    </groups>
    <test started-at="2025-12-25T23:18:52 IST" name="e2e Test" finished-at="2025-12-25T23:19:48 IST" duration-ms="56317">
      <class name="tests.EndUserTest">
        <test-method is-config="true" signature="setUp(org.testng.ITestContext)[pri:0, instance:tests.EndUserTest@12bcd0c0]" started-at="2025-12-25T23:19:16 IST" name="setUp" finished-at="2025-12-25T23:19:20 IST" duration-ms="4593" status="PASS">
          <params>
            <param index="0">
              <value>
                <![CDATA[org.testng.TestRunner@1f45db49]]>
              </value>
            </param>
          </params>
          <reporter-output>
          </reporter-output>
        </test-method> <!-- setUp -->
        <test-method signature="buyProduct()[pri:0, instance:tests.EndUserTest@12bcd0c0]" started-at="2025-12-25T23:19:20 IST" name="buyProduct" finished-at="2025-12-25T23:19:48 IST" duration-ms="27461" status="PASS">
          <reporter-output>
          </reporter-output>
        </test-method> <!-- buyProduct -->
        <test-method is-config="true" signature="tearDown()[pri:0, instance:tests.EndUserTest@12bcd0c0]" started-at="2025-12-25T23:19:48 IST" name="tearDown" finished-at="2025-12-25T23:19:48 IST" duration-ms="428" status="PASS">
          <reporter-output>
          </reporter-output>
        </test-method> <!-- tearDown -->
      </class> <!-- tests.EndUserTest -->
      <class name="tests.EUTest">
        <test-method is-config="true" signature="setUp(org.testng.ITestContext)[pri:0, instance:tests.EUTest@75f5fd58]" started-at="2025-12-25T23:18:52 IST" name="setUp" finished-at="2025-12-25T23:18:59 IST" duration-ms="7311" status="PASS">
          <params>
            <param index="0">
              <value>
                <![CDATA[org.testng.TestRunner@1f45db49]]>
              </value>
            </param>
          </params>
          <reporter-output>
          </reporter-output>
        </test-method> <!-- setUp -->
        <test-method signature="buyProduct()[pri:0, instance:tests.EUTest@75f5fd58]" started-at="2025-12-25T23:18:59 IST" name="buyProduct" finished-at="2025-12-25T23:19:15 IST" duration-ms="15376" status="PASS">
          <reporter-output>
          </reporter-output>
        </test-method> <!-- buyProduct -->
        <test-method is-config="true" signature="tearDown()[pri:0, instance:tests.EUTest@75f5fd58]" started-at="2025-12-25T23:19:15 IST" name="tearDown" finished-at="2025-12-25T23:19:16 IST" duration-ms="803" status="PASS">
          <reporter-output>
          </reporter-output>
        </test-method> <!-- tearDown -->
      </class> <!-- tests.EUTest -->
    </test> <!-- e2e Test -->
  </suite> <!-- E-Commerce Suite -->
</testng-results>
