<?xml version="1.0" encoding="UTF-8"?>
<testng-results ignored="0" total="1" passed="1" failed="0" skipped="0">
  <reporter-output>
  </reporter-output>
  <suite started-at="2026-01-03T00:06:25 IST" name="Default suite" finished-at="2026-01-03T00:08:06 IST" duration-ms="101329">
    <groups>
    </groups>
    <test started-at="2026-01-03T00:06:25 IST" name="Default test" finished-at="2026-01-03T00:08:06 IST" duration-ms="101329">
      <class name="commonOperations.Demo03_FormSubmission">
        <test-method signature="submitForm()[pri:0, instance:commonOperations.Demo03_FormSubmission@1a677343]" started-at="2026-01-03T00:06:25 IST" name="submitForm" finished-at="2026-01-03T00:08:06 IST" duration-ms="101266" status="PASS">
          <reporter-output>
          </reporter-output>
        </test-method> <!-- submitForm -->
      </class> <!-- commonOperations.Demo03_FormSubmission -->
    </test> <!-- Default test -->
  </suite> <!-- Default suite -->
</testng-results>
