<?xml version="1.0" encoding="UTF-8"?>
<testng-results ignored="0" total="1" passed="1" failed="0" skipped="0">
  <reporter-output>
  </reporter-output>
  <suite started-at="2026-01-15T23:05:39 IST" name="E-Commerce Suite" finished-at="2026-01-15T23:06:09 IST" duration-ms="30905">
    <groups>
    </groups>
    <test started-at="2026-01-15T23:05:39 IST" name="e2e Test" finished-at="2026-01-15T23:06:09 IST" duration-ms="30905">
      <class name="tests.EUTest">
        <test-method is-config="true" signature="setUp(java.lang.String,java.lang.String,org.testng.ITestContext)[pri:0, instance:tests.EUTest@4678a2eb]" started-at="2026-01-15T23:05:39 IST" name="setUp" finished-at="2026-01-15T23:05:49 IST" duration-ms="10506" status="PASS">
          <params>
            <param index="0">
              <value>
                <![CDATA[chrome]]>
              </value>
            </param>
            <param index="1">
              <value>
                <![CDATA[https://automationexercise.com]]>
              </value>
            </param>
            <param index="2">
              <value>
                <![CDATA[org.testng.TestRunner@6ef037e4]]>
              </value>
            </param>
          </params>
          <reporter-output>
          </reporter-output>
        </test-method> <!-- setUp -->
        <test-method signature="buyProduct()[pri:0, instance:tests.EUTest@4678a2eb]" started-at="2026-01-15T23:05:49 IST" name="buyProduct" finished-at="2026-01-15T23:06:09 IST" duration-ms="19813" status="PASS">
          <reporter-output>
          </reporter-output>
        </test-method> <!-- buyProduct -->
        <test-method is-config="true" signature="tearDown()[pri:0, instance:tests.EUTest@4678a2eb]" started-at="2026-01-15T23:06:09 IST" name="tearDown" finished-at="2026-01-15T23:06:09 IST" duration-ms="337" status="PASS">
          <reporter-output>
          </reporter-output>
        </test-method> <!-- tearDown -->
      </class> <!-- tests.EUTest -->
    </test> <!-- e2e Test -->
  </suite> <!-- E-Commerce Suite -->
</testng-results>
