<?xml version="1.0" encoding="UTF-8"?>
<!-- Generated by org.testng.reporters.JUnitXMLReporter -->
<testsuite ignored="1" hostname="MyComputer" failures="1" tests="1" name="e2eTest" time="0.281" errors="0" timestamp="2025-12-26T00:22:16 IST">
  <testcase classname="tests.EndUserTest" name="buyProduct" time="0.04">
    <failure type="java.lang.NullPointerException" message="Cannot invoke &amp;quot;org.openqa.selenium.SearchContext.findElement(org.openqa.selenium.By)&amp;quot; because &amp;quot;this.searchContext&amp;quot; is null">
      <![CDATA[java.lang.NullPointerException: Cannot invoke "org.openqa.selenium.SearchContext.findElement(org.openqa.selenium.By)" because "this.searchContext" is null
at org.openqa.selenium.support.pagefactory.DefaultElementLocator.findElement(DefaultElementLocator.java:68)
at org.openqa.selenium.support.pagefactory.internal.LocatingElementHandler.invoke(LocatingElementHandler.java:38)
at jdk.proxy2/jdk.proxy2.$Proxy28.click(Unknown Source)
at pages.LoginPage.loginSignupLink(LoginPage.java:20)
at tests.EndUserTest.buyProduct(EndUserTest.java:31)
at java.base/java.util.ArrayList.forEach(ArrayList.java:1596)
... Removed 25 stack frames]]>
    </failure>
  </testcase> <!-- buyProduct -->
  <testcase classname="tests.EUTest" name="buyProduct" time="0.0">
    <ignored/>
  </testcase> <!-- buyProduct -->
</testsuite> <!-- e2eTest -->
