<?xml version="1.0" encoding="UTF-8"?>
<!-- Generated by org.testng.reporters.JUnitXMLReporter -->
<testsuite ignored="0" hostname="MyComputer" failures="2" tests="3" name="e2e Test" time="90.875" errors="0" timestamp="2026-01-18T15:16:04 IST">
  <testcase classname="tests.EUTest" name="buyProduct" time="25.891"/>
  <testcase classname="tests.EUTest" name="buyProduct" time="2.821">
    <failure type="java.lang.AssertionError" message="expected [true] but found [false]">
      <![CDATA[java.lang.AssertionError: expected [true] but found [false]
at tests.EUTest.buyProduct(EUTest.java:29)
at java.base/java.util.ArrayList.forEach(ArrayList.java:1596)
... Removed 29 stack frames]]>
    </failure>
  </testcase> <!-- buyProduct -->
  <testcase classname="tests.EUTest" name="buyProduct" time="2.18">
    <failure type="java.lang.AssertionError" message="expected [true] but found [false]">
      <![CDATA[java.lang.AssertionError: expected [true] but found [false]
at tests.EUTest.buyProduct(EUTest.java:29)
at java.base/java.util.ArrayList.forEach(ArrayList.java:1596)
... Removed 29 stack frames]]>
    </failure>
  </testcase> <!-- buyProduct -->
</testsuite> <!-- e2e Test -->
