<?xml version="1.0" encoding="UTF-8"?>
<!-- Generated by org.testng.reporters.JUnitXMLReporter -->
<testsuite ignored="1" hostname="MyComputer" failures="2" tests="3" name="Test" time="41.459" errors="0" timestamp="2025-12-27T17:21:30 IST">
  <testcase classname="tests.EUTest" name="buyProduct" time="24.692"/>
  <testcase classname="tests.EUTest" name="buyProduct" time="2.681">
    <failure type="java.lang.AssertionError" message="expected [true] but found [false]">
      <![CDATA[java.lang.AssertionError: expected [true] but found [false]
at tests.EUTest.buyProduct(EUTest.java:28)
at java.base/java.util.ArrayList.forEach(ArrayList.java:1596)
... Removed 29 stack frames]]>
    </failure>
  </testcase> <!-- buyProduct -->
  <testcase classname="tests.EUTest" name="buyProduct" time="1.969">
    <failure type="java.lang.AssertionError" message="expected [true] but found [false]">
      <![CDATA[java.lang.AssertionError: expected [true] but found [false]
at tests.EUTest.buyProduct(EUTest.java:28)
at java.base/java.util.ArrayList.forEach(ArrayList.java:1596)
... Removed 29 stack frames]]>
    </failure>
  </testcase> <!-- buyProduct -->
  <testcase classname="tests.EndUserTest" name="buyProduct" time="0.0">
    <ignored/>
  </testcase> <!-- buyProduct -->
</testsuite> <!-- Test -->
