<?xml version="1.0" encoding="UTF-8"?>
<!-- Generated by org.testng.reporters.JUnitXMLReporter -->
<testsuite ignored="5" hostname="MyComputer" failures="0" tests="6" name="Module Tests" time="13.619" errors="0" timestamp="2025-12-24T00:10:35 IST">
  <testcase classname="baseTest.BaseTest" name="@BeforeClass setUp" time="0.005">
    <failure type="java.lang.NullPointerException" message="Cannot invoke &amp;quot;String.hashCode()&amp;quot; because &amp;quot;this.browser&amp;quot; is null">
      <![CDATA[java.lang.NullPointerException: Cannot invoke "String.hashCode()" because "this.browser" is null
at baseTest.BaseTest.setUp(BaseTest.java:61)
at java.base/java.util.ArrayList.forEach(ArrayList.java:1596)
... Removed 23 stack frames]]>
    </failure>
  </testcase> <!-- @BeforeClass setUp -->
  <testcase classname="baseTest.BaseTest" name="@AfterClass tearDown" time="0.0">
    <skipped/>
  </testcase> <!-- @AfterClass tearDown -->
  <testcase classname="baseTest.BaseTest" name="@BeforeClass setUp" time="0.0">
    <failure type="java.lang.NullPointerException" message="Cannot invoke &amp;quot;String.hashCode()&amp;quot; because &amp;quot;this.browser&amp;quot; is null">
      <![CDATA[java.lang.NullPointerException: Cannot invoke "String.hashCode()" because "this.browser" is null
at baseTest.BaseTest.setUp(BaseTest.java:61)
at java.base/java.util.ArrayList.forEach(ArrayList.java:1596)
... Removed 23 stack frames]]>
    </failure>
  </testcase> <!-- @BeforeClass setUp -->
  <testcase classname="baseTest.BaseTest" name="@AfterClass tearDown" time="0.0">
    <skipped/>
  </testcase> <!-- @AfterClass tearDown -->
  <testcase classname="baseTest.BaseTest" name="@BeforeClass setUp" time="0.0">
    <failure type="java.lang.NullPointerException" message="Cannot invoke &amp;quot;String.hashCode()&amp;quot; because &amp;quot;this.browser&amp;quot; is null">
      <![CDATA[java.lang.NullPointerException: Cannot invoke "String.hashCode()" because "this.browser" is null
at baseTest.BaseTest.setUp(BaseTest.java:61)
at java.base/java.util.ArrayList.forEach(ArrayList.java:1596)
... Removed 23 stack frames]]>
    </failure>
  </testcase> <!-- @BeforeClass setUp -->
  <testcase classname="baseTest.BaseTest" name="@AfterClass tearDown" time="0.0">
    <skipped/>
  </testcase> <!-- @AfterClass tearDown -->
  <testcase classname="baseTest.BaseTest" name="@BeforeClass setUp" time="0.011">
    <failure type="java.lang.NullPointerException" message="Cannot invoke &amp;quot;String.hashCode()&amp;quot; because &amp;quot;this.browser&amp;quot; is null">
      <![CDATA[java.lang.NullPointerException: Cannot invoke "String.hashCode()" because "this.browser" is null
at baseTest.BaseTest.setUp(BaseTest.java:61)
at java.base/java.util.ArrayList.forEach(ArrayList.java:1596)
... Removed 23 stack frames]]>
    </failure>
  </testcase> <!-- @BeforeClass setUp -->
  <testcase classname="baseTest.BaseTest" name="@AfterClass tearDown" time="0.0">
    <skipped/>
  </testcase> <!-- @AfterClass tearDown -->
  <testcase classname="baseTest.BaseTest" name="@BeforeClass setUp" time="0.0">
    <failure type="java.lang.NullPointerException" message="Cannot invoke &amp;quot;String.hashCode()&amp;quot; because &amp;quot;this.browser&amp;quot; is null">
      <![CDATA[java.lang.NullPointerException: Cannot invoke "String.hashCode()" because "this.browser" is null
at baseTest.BaseTest.setUp(BaseTest.java:61)
at java.base/java.util.ArrayList.forEach(ArrayList.java:1596)
... Removed 23 stack frames]]>
    </failure>
  </testcase> <!-- @BeforeClass setUp -->
  <testcase classname="baseTest.BaseTest" name="@AfterClass tearDown" time="0.0">
    <skipped/>
  </testcase> <!-- @AfterClass tearDown -->
  <testcase classname="tests.LoginTest" name="checkLogin" time="6.268"/>
  <testcase classname="tests.HomeTest" name="atHome" time="0.0">
    <skipped/>
  </testcase> <!-- atHome -->
  <testcase classname="tests.ProductTest" name="aboutProduct" time="0.0">
    <skipped/>
  </testcase> <!-- aboutProduct -->
  <testcase classname="tests.CartTest" name="viewItemInCart" time="0.0">
    <skipped/>
  </testcase> <!-- viewItemInCart -->
  <testcase classname="tests.CheckoutTest" name="makeCheckout" time="0.006">
    <skipped/>
  </testcase> <!-- makeCheckout -->
  <testcase classname="tests.PaymentTest" name="doPayment" time="0.0">
    <skipped/>
  </testcase> <!-- doPayment -->
  <testcase classname="baseTest.BaseTest" name="@BeforeTest initConfig" time="0.0">
    <ignored/>
  </testcase> <!-- @BeforeTest initConfig -->
  <testcase classname="baseTest.BaseTest" name="@BeforeTest initConfig" time="0.0">
    <ignored/>
  </testcase> <!-- @BeforeTest initConfig -->
  <testcase classname="baseTest.BaseTest" name="@BeforeTest initConfig" time="0.0">
    <ignored/>
  </testcase> <!-- @BeforeTest initConfig -->
  <testcase classname="baseTest.BaseTest" name="@BeforeTest initConfig" time="0.0">
    <ignored/>
  </testcase> <!-- @BeforeTest initConfig -->
  <testcase classname="baseTest.BaseTest" name="@BeforeTest initConfig" time="0.0">
    <ignored/>
  </testcase> <!-- @BeforeTest initConfig -->
</testsuite> <!-- Module Tests -->
