<?xml version="1.0" encoding="UTF-8"?>
<testng-results ignored="0" total="2" passed="2" failed="0" skipped="0">
  <reporter-output>
  </reporter-output>
  <suite started-at="2026-01-24T22:56:39 IST" name="SeleniumGridSuite" finished-at="2026-01-24T22:57:13 IST" duration-ms="33802">
    <groups>
      <group name="smoke">
        <method signature="EUTest.buyProduct(java.lang.String,java.lang.String)[pri:0, instance:tests.EUTest@7103cb56]" name="buyProduct" class="tests.EUTest"/>
      </group> <!-- smoke -->
      <group name="sanity">
        <method signature="EndUserTest.buyProduct()[pri:0, instance:tests.EndUserTest@ebb6851]" name="buyProduct" class="tests.EndUserTest"/>
      </group> <!-- sanity -->
    </groups>
    <test started-at="2026-01-24T22:56:39 IST" name="EdgeTest" finished-at="2026-01-24T22:57:12 IST" duration-ms="32403">
      <class name="tests.EndUserTest">
        <test-method is-config="true" signature="setUp(java.lang.String,java.lang.String,org.testng.ITestContext)[pri:0, instance:tests.EndUserTest@ebb6851]" started-at="2026-01-24T22:56:40 IST" name="setUp" finished-at="2026-01-24T22:56:46 IST" duration-ms="6740" status="PASS">
          <params>
            <param index="0">
              <value>
                <![CDATA[chrome]]>
              </value>
            </param>
            <param index="1">
              <value>
                <![CDATA[https://automationexercise.com]]>
              </value>
            </param>
            <param index="2">
              <value>
                <![CDATA[org.testng.TestRunner@7966baa7]]>
              </value>
            </param>
          </params>
          <reporter-output>
          </reporter-output>
        </test-method> <!-- setUp -->
        <test-method signature="buyProduct()[pri:0, instance:tests.EndUserTest@ebb6851]" started-at="2026-01-24T22:56:46 IST" name="buyProduct" finished-at="2026-01-24T22:57:12 IST" duration-ms="25250" status="PASS">
          <reporter-output>
          </reporter-output>
        </test-method> <!-- buyProduct -->
        <test-method is-config="true" signature="tearDown()[pri:0, instance:tests.EndUserTest@ebb6851]" started-at="2026-01-24T22:57:12 IST" name="tearDown" finished-at="2026-01-24T22:57:12 IST" duration-ms="212" status="PASS">
          <reporter-output>
          </reporter-output>
        </test-method> <!-- tearDown -->
      </class> <!-- tests.EndUserTest -->
    </test> <!-- EdgeTest -->
    <test started-at="2026-01-24T22:56:39 IST" name="ChromeTest" finished-at="2026-01-24T22:57:13 IST" duration-ms="33802">
      <class name="tests.EUTest">
        <test-method is-config="true" signature="setUp(java.lang.String,java.lang.String,org.testng.ITestContext)[pri:0, instance:tests.EUTest@7103cb56]" started-at="2026-01-24T22:56:40 IST" name="setUp" finished-at="2026-01-24T22:56:47 IST" duration-ms="7589" status="PASS">
          <params>
            <param index="0">
              <value>
                <![CDATA[chrome]]>
              </value>
            </param>
            <param index="1">
              <value>
                <![CDATA[https://automationexercise.com]]>
              </value>
            </param>
            <param index="2">
              <value>
                <![CDATA[org.testng.TestRunner@60975100]]>
              </value>
            </param>
          </params>
          <reporter-output>
          </reporter-output>
        </test-method> <!-- setUp -->
        <test-method signature="buyProduct(java.lang.String,java.lang.String)[pri:0, instance:tests.EUTest@7103cb56]" started-at="2026-01-24T22:56:48 IST" name="buyProduct" data-provider="credentials" finished-at="2026-01-24T22:57:13 IST" duration-ms="25107" status="PASS">
          <params>
            <param index="0">
              <value>
                <![CDATA[mohan@mohan.com]]>
              </value>
            </param>
            <param index="1">
              <value>
                <![CDATA[Mohan@123]]>
              </value>
            </param>
          </params>
          <reporter-output>
          </reporter-output>
        </test-method> <!-- buyProduct -->
        <test-method is-config="true" signature="tearDown()[pri:0, instance:tests.EUTest@7103cb56]" started-at="2026-01-24T22:57:13 IST" name="tearDown" finished-at="2026-01-24T22:57:13 IST" duration-ms="308" status="PASS">
          <reporter-output>
          </reporter-output>
        </test-method> <!-- tearDown -->
      </class> <!-- tests.EUTest -->
    </test> <!-- ChromeTest -->
  </suite> <!-- SeleniumGridSuite -->
</testng-results>
