<?xml version="1.0" encoding="UTF-8"?>
<testsuite xmlns:xsi="http://www.w3.org/2001/XMLSchema-instance" xsi:noNamespaceSchemaLocation="https://maven.apache.org/surefire/maven-surefire-plugin/xsd/surefire-test-report-3.0.xsd" version="3.0" name="TestSuite" time="57.818" tests="2" errors="0" skipped="0" failures="0">
  <properties>
[...]
</properties>
  <testcase name="buyProduct" classname="tests.EndUserTest" time="30.8">
    <system-out><![CDATA[11.39.33.098[TestNG-tests-2]INFO baseTest.BaseTest-Initializing WebDriver...
11.39.33.222[TestNG-tests-2]DEBUGio.netty.util.internal.logging.InternalLoggerFactory-Using Log4J2 as the default logging framework
11.39.33.228[TestNG-tests-2]DEBUGio.netty.util.ResourceLeakDetector--Dio.netty.leakDetection.level: simple
11.39.33.229[TestNG-tests-2]DEBUGio.netty.util.ResourceLeakDetector--Dio.netty.leakDetection.targetRecords: 4
11.39.33.233[TestNG-tests-2]DEBUGio.netty.util.ResourceLeakDetectorFactory-Loaded default ResourceLeakDetector: io.netty.util.ResourceLeakDetector@6f73ad80
11.39.33.251[TestNG-tests-2]DEBUGio.netty.util.internal.PlatformDependent0--Dio.netty.noUnsafe: false
11.39.33.253[TestNG-tests-2]DEBUGio.netty.util.internal.PlatformDependent0-Java version: 17
11.39.33.255[TestNG-tests-2]DEBUGio.netty.util.internal.PlatformDependent0-sun.misc.Unsafe.theUnsafe: available
11.39.33.256[TestNG-tests-2]DEBUGio.netty.util.internal.PlatformDependent0-sun.misc.Unsafe.copyMemory: available
11.39.33.257[TestNG-tests-2]DEBUGio.netty.util.internal.PlatformDependent0-sun.misc.Unsafe.storeFence: available
11.39.33.259[TestNG-tests-2]DEBUGio.netty.util.internal.PlatformDependent0-java.nio.Buffer.address: available
11.39.33.259[TestNG-tests-2]DEBUGio.netty.util.internal.PlatformDependent0-direct buffer constructor: unavailable: Reflective setAccessible(true) disabled
11.39.33.261[TestNG-tests-2]DEBUGio.netty.util.internal.PlatformDependent0-java.nio.Bits.unaligned: available, true
11.39.33.263[TestNG-tests-2]DEBUGio.netty.util.internal.PlatformDependent0-jdk.internal.misc.Unsafe.allocateUninitializedArray(int): unavailable: class io.netty.util.internal.PlatformDependent0$7 cannot access class jdk.internal.misc.Unsafe (in module java.base) because module java.base does not export jdk.internal.misc to unnamed module @43ee72e6
11.39.33.266[TestNG-tests-2]DEBUGio.netty.util.internal.PlatformDependent0-java.nio.DirectByteBuffer.<init>(long, {int,long}): unavailable
11.39.33.266[TestNG-tests-2]DEBUGio.netty.util.internal.PlatformDependent-sun.misc.Unsafe: available
11.39.33.267[TestNG-tests-2]DEBUGio.netty.util.internal.PlatformDependent-maxDirectMemory: 4198498304 bytes (maybe)
11.39.33.268[TestNG-tests-2]DEBUGio.netty.util.internal.PlatformDependent--Dio.netty.tmpdir: C:\Users\ankit\AppData\Local\Temp (java.io.tmpdir)
11.39.33.268[TestNG-tests-2]DEBUGio.netty.util.internal.PlatformDependent--Dio.netty.bitMode: 64 (sun.arch.data.model)
11.39.33.268[TestNG-tests-2]DEBUGio.netty.util.internal.PlatformDependent-Platform: Windows
11.39.33.269[TestNG-tests-2]DEBUGio.netty.util.internal.PlatformDependent--Dio.netty.maxDirectMemory: -1 bytes
11.39.33.270[TestNG-tests-2]DEBUGio.netty.util.internal.PlatformDependent--Dio.netty.uninitializedArrayAllocationThreshold: -1
11.39.33.272[TestNG-tests-2]DEBUGio.netty.util.internal.CleanerJava9-java.nio.ByteBuffer.cleaner(): available
11.39.33.272[TestNG-tests-2]DEBUGio.netty.util.internal.PlatformDependent--Dio.netty.noPreferDirect: false
11.39.33.282[TestNG-tests-2]DEBUGio.netty.util.internal.PlatformDependent-org.jctools-core.MpscChunkedArrayQueue: available
11.39.33.311[TestNG-tests-2]DEBUGio.netty.util.internal.InternalThreadLocalMap--Dio.netty.threadLocalMap.stringBuilder.initialSize: 1024
11.39.33.312[TestNG-tests-2]DEBUGio.netty.util.internal.InternalThreadLocalMap--Dio.netty.threadLocalMap.stringBuilder.maxSize: 4096
11.39.33.341[TestNG-tests-2]DEBUGio.netty.handler.ssl.JdkSslContext-Default protocols (JDK): [TLSv1.3, TLSv1.2] 
11.39.33.342[TestNG-tests-2]DEBUGio.netty.handler.ssl.JdkSslContext-Default cipher suites (JDK): [TLS_ECDHE_ECDSA_WITH_AES_256_GCM_SHA384, TLS_ECDHE_ECDSA_WITH_AES_128_GCM_SHA256, TLS_ECDHE_RSA_WITH_AES_128_GCM_SHA256, TLS_ECDHE_RSA_WITH_AES_256_GCM_SHA384, TLS_ECDHE_RSA_WITH_AES_128_CBC_SHA, TLS_ECDHE_RSA_WITH_AES_256_CBC_SHA, TLS_RSA_WITH_AES_128_GCM_SHA256, TLS_RSA_WITH_AES_128_CBC_SHA, TLS_RSA_WITH_AES_256_CBC_SHA, TLS_AES_128_GCM_SHA256, TLS_AES_256_GCM_SHA384]
11.39.33.356[TestNG-tests-2]DEBUGio.netty.util.concurrent.GlobalEventExecutor--Dio.netty.globalEventExecutor.quietPeriodSeconds: 1
11.39.33.384[TestNG-tests-2]DEBUGio.netty.channel.MultithreadEventLoopGroup--Dio.netty.eventLoopThreads: 32
11.39.33.399[TestNG-tests-2]DEBUGio.netty.channel.nio.NioEventLoop--Dio.netty.noKeySetOptimization: false
11.39.33.400[TestNG-tests-2]DEBUGio.netty.channel.nio.NioEventLoop--Dio.netty.selectorAutoRebuildThreshold: 512
11.39.33.502[TestNG-tests-2]DEBUGio.netty.buffer.PooledByteBufAllocator--Dio.netty.allocator.numHeapArenas: 32
11.39.33.502[TestNG-tests-2]DEBUGio.netty.buffer.PooledByteBufAllocator--Dio.netty.allocator.numDirectArenas: 32
11.39.33.503[TestNG-tests-2]DEBUGio.netty.buffer.PooledByteBufAllocator--Dio.netty.allocator.pageSize: 8192
11.39.33.503[TestNG-tests-2]DEBUGio.netty.buffer.PooledByteBufAllocator--Dio.netty.allocator.maxOrder: 9
11.39.33.503[TestNG-tests-2]DEBUGio.netty.buffer.PooledByteBufAllocator--Dio.netty.allocator.chunkSize: 4194304
11.39.33.504[TestNG-tests-2]DEBUGio.netty.buffer.PooledByteBufAllocator--Dio.netty.allocator.smallCacheSize: 256
11.39.33.504[TestNG-tests-2]DEBUGio.netty.buffer.PooledByteBufAllocator--Dio.netty.allocator.normalCacheSize: 64
11.39.33.505[TestNG-tests-2]DEBUGio.netty.buffer.PooledByteBufAllocator--Dio.netty.allocator.maxCachedBufferCapacity: 32768
11.39.33.505[TestNG-tests-2]DEBUGio.netty.buffer.PooledByteBufAllocator--Dio.netty.allocator.cacheTrimInterval: 8192
11.39.33.505[TestNG-tests-2]DEBUGio.netty.buffer.PooledByteBufAllocator--Dio.netty.allocator.cacheTrimIntervalMillis: 0
11.39.33.506[TestNG-tests-2]DEBUGio.netty.buffer.PooledByteBufAllocator--Dio.netty.allocator.useCacheForAllThreads: false
11.39.33.507[TestNG-tests-2]DEBUGio.netty.buffer.PooledByteBufAllocator--Dio.netty.allocator.maxCachedByteBuffersPerChunk: 1023
11.39.33.521[TestNG-tests-2]DEBUGio.netty.buffer.ByteBufUtil--Dio.netty.allocator.type: pooled
11.39.33.522[TestNG-tests-2]DEBUGio.netty.buffer.ByteBufUtil--Dio.netty.threadLocalDirectBufferSize: 0
11.39.33.522[TestNG-tests-2]DEBUGio.netty.buffer.ByteBufUtil--Dio.netty.maxThreadLocalCharBufferSize: 16384
11.39.33.627[TestNG-tests-1]INFO baseTest.BaseTest-Initializing WebDriver...
11.39.33.933[Forwarding newSession on session null to remote]DEBUGio.netty.channel.DefaultChannelId--Dio.netty.processId: 36148 (auto-detected)
11.39.33.935[Forwarding newSession on session null to remote]DEBUGio.netty.util.NetUtil--Djava.net.preferIPv4Stack: false
11.39.33.935[Forwarding newSession on session null to remote]DEBUGio.netty.util.NetUtil--Djava.net.preferIPv6Addresses: false
11.39.33.955[Forwarding newSession on session null to remote]DEBUGio.netty.util.NetUtilInitializations-Loopback interface: lo (Software Loopback Interface 1, 127.0.0.1)
11.39.33.957[Forwarding newSession on session null to remote]DEBUGio.netty.util.NetUtil-Failed to get SOMAXCONN from sysctl and file \proc\sys\net\core\somaxconn. Default: 200
11.39.34.012[Forwarding newSession on session null to remote]DEBUGio.netty.channel.DefaultChannelId--Dio.netty.machineId: ac:19:8e:ff:fe:72:3e:d1 (auto-detected)
11.39.34.066[AsyncHttpClient-1-2]DEBUGio.netty.buffer.AbstractByteBuf--Dio.netty.buffer.checkAccessible: true
11.39.34.067[AsyncHttpClient-1-2]DEBUGio.netty.buffer.AbstractByteBuf--Dio.netty.buffer.checkBounds: true
11.39.34.067[AsyncHttpClient-1-2]DEBUGio.netty.util.ResourceLeakDetectorFactory-Loaded default ResourceLeakDetector: io.netty.util.ResourceLeakDetector@173d4306
11.39.34.110[AsyncHttpClient-1-3]DEBUGio.netty.util.Recycler--Dio.netty.recycler.maxCapacityPerThread: 4096
11.39.34.111[AsyncHttpClient-1-3]DEBUGio.netty.util.Recycler--Dio.netty.recycler.ratio: 8
11.39.34.112[AsyncHttpClient-1-3]DEBUGio.netty.util.Recycler--Dio.netty.recycler.chunkSize: 32
11.39.34.113[AsyncHttpClient-1-3]DEBUGio.netty.util.Recycler--Dio.netty.recycler.blocking: false
11.39.34.113[AsyncHttpClient-1-3]DEBUGio.netty.util.Recycler--Dio.netty.recycler.batchFastThreadLocalOnly: true
11.39.34.985[AsyncHttpClient-1-3]DEBUGio.netty.handler.codec.compression.Brotli-brotli4j not in the classpath; Brotli support will be unavailable.
11.39.35.211[TestNG-tests-1]DEBUGio.netty.util.internal.ThreadLocalRandom--Dio.netty.initialSeedUniquifier: 0xa575fc73e141c44e
11.39.35.303[TestNG-tests-2]DEBUGbaseTest.BaseTest-Driver initialized: ChromeDriver: chrome on windows (04b2308df506c5a453e3f9f356ad0b5a)
11.39.35.303[TestNG-tests-1]DEBUGbaseTest.BaseTest-Driver initialized: ChromeDriver: chrome on windows (5f03d97859f2661735ff4d5d4930eb91)
11.39.35.304[TestNG-tests-2]DEBUGbaseTest.BaseTest-Driver initialized: ChromeDriver: chrome on windows (04b2308df506c5a453e3f9f356ad0b5a)
11.39.35.304[TestNG-tests-1]DEBUGbaseTest.BaseTest-Driver initialized: ChromeDriver: chrome on windows (5f03d97859f2661735ff4d5d4930eb91)
Driver is : ChromeDriver: chrome on windows (04b2308df506c5a453e3f9f356ad0b5a)
11.39.40.859[TestNG-tests-1]DEBUGorg.apache.poi.openxml4j.opc.PackageRelationshipCollection-Parsing relationship: /xl/_rels/workbook.xml.rels
11.39.40.879[TestNG-tests-1]DEBUGorg.apache.poi.openxml4j.opc.PackageRelationshipCollection-Parsing relationship: /_rels/.rels
11.39.42.407[TestNG-tests-1]DEBUGorg.apache.poi.openxml4j.opc.PackageRelationshipCollection-Parsing relationship: /xl/_rels/workbook.xml.rels
11.39.42.416[TestNG-tests-1]DEBUGorg.apache.poi.openxml4j.opc.PackageRelationshipCollection-Parsing relationship: /_rels/.rels
11.39.42.485[TestNG-tests-1]DEBUGorg.apache.poi.openxml4j.opc.PackageRelationshipCollection-Parsing relationship: /xl/_rels/workbook.xml.rels
11.39.42.489[TestNG-tests-1]DEBUGorg.apache.poi.openxml4j.opc.PackageRelationshipCollection-Parsing relationship: /_rels/.rels
11.39.42.658[TestNG-tests-1]DEBUGorg.apache.poi.openxml4j.opc.PackageRelationshipCollection-Parsing relationship: /xl/_rels/workbook.xml.rels
11.39.42.665[TestNG-tests-1]DEBUGorg.apache.poi.openxml4j.opc.PackageRelationshipCollection-Parsing relationship: /_rels/.rels
11.39.42.751[TestNG-tests-1]INFO baseTest.BaseTest-Initial Set up Done
Driver is : ChromeDriver: chrome on windows (5f03d97859f2661735ff4d5d4930eb91)
11.39.42.758[TestNG-tests-1]INFO baseTest.BaseTest-Login is working as expected

11.39.55.259[TestNG-tests-1]INFO baseTest.BaseTest-Login successful, HomePage is displayed.
11.39.55.263[TestNG-tests-1]INFO baseTest.BaseTest-HomePage object is created and User successfully logged in
11.39.56.933[TestNG-tests-1]INFO baseTest.BaseTest-ProductPage object is created and User successfully added product in cart.
11.40.01.646[TestNG-tests-1]INFO baseTest.BaseTest-CheckoutPage object is created and User successfully added product in cart.
11.40.03.459[TestNG-tests-1]INFO baseTest.BaseTest-CartPage object is created and User successfullyproceed to checkout.
Congratulations! Your order has been confirmed!
]]></system-out>
    <system-err><![CDATA[SLF4J: No SLF4J providers were found.
SLF4J: Defaulting to no-operation (NOP) logger implementation
SLF4J: See https://www.slf4j.org/codes.html#noProviders for further details.
Jan 25, 2026 11:39:35 AM org.openqa.selenium.devtools.CdpVersionFinder findNearestMatch
WARNING: Unable to find CDP implementation matching 143
Jan 25, 2026 11:39:35 AM org.openqa.selenium.devtools.CdpVersionFinder findNearestMatch
WARNING: Unable to find CDP implementation matching 143
Jan 25, 2026 11:39:35 AM org.openqa.selenium.chromium.ChromiumDriver lambda$new$5
WARNING: Unable to find version of CDP to use for 143.0.7499.171. You may need to include a dependency on a specific version of the CDP using something similar to `org.seleniumhq.selenium:selenium-devtools-v86:4.13.0` where the version ("v86") matches the version of the chromium-based browser you're using and the version number of the artifact is the same as Selenium's.
Jan 25, 2026 11:39:35 AM org.openqa.selenium.chromium.ChromiumDriver lambda$new$5
WARNING: Unable to find version of CDP to use for 143.0.7499.171. You may need to include a dependency on a specific version of the CDP using something similar to `org.seleniumhq.selenium:selenium-devtools-v86:4.13.0` where the version ("v86") matches the version of the chromium-based browser you're using and the version number of the artifact is the same as Selenium's.
]]></system-err>
  </testcase>
  <testcase name="buyProduct[mohan@mohan.com, Mohan@123](1)" classname="tests.EUTest" time="40.278">
    <system-out><![CDATA[11.40.13.550[TestNG-tests-2]INFO baseTest.BaseTest-Closing WebDriver...
11.40.16.795[TestNG-tests-2]DEBUGbaseTest.BaseTest-Driver closed successfully.
Congratulations! Your order has been confirmed!
11.40.23.015[TestNG-tests-1]INFO baseTest.BaseTest-PaymentPage object is created and User successfully made Payment
]]></system-out>
  </testcase>
</testsuite>