<?xml version="1.0" encoding="UTF-8"?>
<testsuite xmlns:xsi="http://www.w3.org/2001/XMLSchema-instance" xsi:noNamespaceSchemaLocation="https://maven.apache.org/surefire/maven-surefire-plugin/xsd/surefire-test-report-3.0.xsd" version="3.0" name="TestSuite" time="56.647" tests="2" errors="0" skipped="0" failures="0">
  <properties>
[...]
</properties>
  <testcase name="buyProduct" classname="tests.EndUserTest" time="39.879">
    <system-out><![CDATA[00.01.42.369[TestNG-tests-2]INFO baseTest.BaseTest-Initializing WebDriver...
00.01.42.369[TestNG-tests-1]INFO baseTest.BaseTest-Initializing WebDriver...
00.01.42.502[TestNG-tests-1]DEBUGio.netty.util.internal.logging.InternalLoggerFactory-Using Log4J2 as the default logging framework
00.01.42.515[TestNG-tests-1]DEBUGio.netty.util.ResourceLeakDetector--Dio.netty.leakDetection.level: simple
00.01.42.516[TestNG-tests-1]DEBUGio.netty.util.ResourceLeakDetector--Dio.netty.leakDetection.targetRecords: 4
00.01.42.521[TestNG-tests-1]DEBUGio.netty.util.ResourceLeakDetectorFactory-Loaded default ResourceLeakDetector: io.netty.util.ResourceLeakDetector@2249b439
00.01.42.539[TestNG-tests-1]DEBUGio.netty.util.internal.PlatformDependent0--Dio.netty.noUnsafe: false
00.01.42.540[TestNG-tests-1]DEBUGio.netty.util.internal.PlatformDependent0-Java version: 17
00.01.42.542[TestNG-tests-1]DEBUGio.netty.util.internal.PlatformDependent0-sun.misc.Unsafe.theUnsafe: available
00.01.42.543[TestNG-tests-1]DEBUGio.netty.util.internal.PlatformDependent0-sun.misc.Unsafe.copyMemory: available
00.01.42.543[TestNG-tests-1]DEBUGio.netty.util.internal.PlatformDependent0-sun.misc.Unsafe.storeFence: available
00.01.42.546[TestNG-tests-1]DEBUGio.netty.util.internal.PlatformDependent0-java.nio.Buffer.address: available
00.01.42.548[TestNG-tests-1]DEBUGio.netty.util.internal.PlatformDependent0-direct buffer constructor: unavailable: Reflective setAccessible(true) disabled
00.01.42.549[TestNG-tests-1]DEBUGio.netty.util.internal.PlatformDependent0-java.nio.Bits.unaligned: available, true
00.01.42.551[TestNG-tests-1]DEBUGio.netty.util.internal.PlatformDependent0-jdk.internal.misc.Unsafe.allocateUninitializedArray(int): unavailable: class io.netty.util.internal.PlatformDependent0$7 cannot access class jdk.internal.misc.Unsafe (in module java.base) because module java.base does not export jdk.internal.misc to unnamed module @43ee72e6
00.01.42.553[TestNG-tests-1]DEBUGio.netty.util.internal.PlatformDependent0-java.nio.DirectByteBuffer.<init>(long, {int,long}): unavailable
00.01.42.554[TestNG-tests-1]DEBUGio.netty.util.internal.PlatformDependent-sun.misc.Unsafe: available
00.01.42.554[TestNG-tests-1]DEBUGio.netty.util.internal.PlatformDependent-maxDirectMemory: 4198498304 bytes (maybe)
00.01.42.555[TestNG-tests-1]DEBUGio.netty.util.internal.PlatformDependent--Dio.netty.tmpdir: C:\Users\ankit\AppData\Local\Temp (java.io.tmpdir)
00.01.42.556[TestNG-tests-1]DEBUGio.netty.util.internal.PlatformDependent--Dio.netty.bitMode: 64 (sun.arch.data.model)
00.01.42.556[TestNG-tests-1]DEBUGio.netty.util.internal.PlatformDependent-Platform: Windows
00.01.42.557[TestNG-tests-1]DEBUGio.netty.util.internal.PlatformDependent--Dio.netty.maxDirectMemory: -1 bytes
00.01.42.558[TestNG-tests-1]DEBUGio.netty.util.internal.PlatformDependent--Dio.netty.uninitializedArrayAllocationThreshold: -1
00.01.42.562[TestNG-tests-1]DEBUGio.netty.util.internal.CleanerJava9-java.nio.ByteBuffer.cleaner(): available
00.01.42.563[TestNG-tests-1]DEBUGio.netty.util.internal.PlatformDependent--Dio.netty.noPreferDirect: false
00.01.42.575[TestNG-tests-1]DEBUGio.netty.util.internal.PlatformDependent-org.jctools-core.MpscChunkedArrayQueue: available
00.01.42.597[TestNG-tests-1]DEBUGio.netty.util.internal.InternalThreadLocalMap--Dio.netty.threadLocalMap.stringBuilder.initialSize: 1024
00.01.42.598[TestNG-tests-1]DEBUGio.netty.util.internal.InternalThreadLocalMap--Dio.netty.threadLocalMap.stringBuilder.maxSize: 4096
00.01.42.657[TestNG-tests-1]DEBUGio.netty.handler.ssl.JdkSslContext-Default protocols (JDK): [TLSv1.3, TLSv1.2] 
00.01.42.657[TestNG-tests-1]DEBUGio.netty.handler.ssl.JdkSslContext-Default cipher suites (JDK): [TLS_ECDHE_ECDSA_WITH_AES_256_GCM_SHA384, TLS_ECDHE_ECDSA_WITH_AES_128_GCM_SHA256, TLS_ECDHE_RSA_WITH_AES_128_GCM_SHA256, TLS_ECDHE_RSA_WITH_AES_256_GCM_SHA384, TLS_ECDHE_RSA_WITH_AES_128_CBC_SHA, TLS_ECDHE_RSA_WITH_AES_256_CBC_SHA, TLS_RSA_WITH_AES_128_GCM_SHA256, TLS_RSA_WITH_AES_128_CBC_SHA, TLS_RSA_WITH_AES_256_CBC_SHA, TLS_AES_128_GCM_SHA256, TLS_AES_256_GCM_SHA384]
00.01.42.671[TestNG-tests-1]DEBUGio.netty.util.concurrent.GlobalEventExecutor--Dio.netty.globalEventExecutor.quietPeriodSeconds: 1
00.01.42.688[TestNG-tests-1]DEBUGio.netty.channel.MultithreadEventLoopGroup--Dio.netty.eventLoopThreads: 32
00.01.42.701[TestNG-tests-1]DEBUGio.netty.channel.nio.NioEventLoop--Dio.netty.noKeySetOptimization: false
00.01.42.701[TestNG-tests-1]DEBUGio.netty.channel.nio.NioEventLoop--Dio.netty.selectorAutoRebuildThreshold: 512
00.01.42.786[TestNG-tests-1]DEBUGio.netty.buffer.PooledByteBufAllocator--Dio.netty.allocator.numHeapArenas: 32
00.01.42.786[TestNG-tests-1]DEBUGio.netty.buffer.PooledByteBufAllocator--Dio.netty.allocator.numDirectArenas: 32
00.01.42.787[TestNG-tests-1]DEBUGio.netty.buffer.PooledByteBufAllocator--Dio.netty.allocator.pageSize: 8192
00.01.42.787[TestNG-tests-1]DEBUGio.netty.buffer.PooledByteBufAllocator--Dio.netty.allocator.maxOrder: 9
00.01.42.788[TestNG-tests-1]DEBUGio.netty.buffer.PooledByteBufAllocator--Dio.netty.allocator.chunkSize: 4194304
00.01.42.788[TestNG-tests-1]DEBUGio.netty.buffer.PooledByteBufAllocator--Dio.netty.allocator.smallCacheSize: 256
00.01.42.788[TestNG-tests-1]DEBUGio.netty.buffer.PooledByteBufAllocator--Dio.netty.allocator.normalCacheSize: 64
00.01.42.789[TestNG-tests-1]DEBUGio.netty.buffer.PooledByteBufAllocator--Dio.netty.allocator.maxCachedBufferCapacity: 32768
00.01.42.789[TestNG-tests-1]DEBUGio.netty.buffer.PooledByteBufAllocator--Dio.netty.allocator.cacheTrimInterval: 8192
00.01.42.790[TestNG-tests-1]DEBUGio.netty.buffer.PooledByteBufAllocator--Dio.netty.allocator.cacheTrimIntervalMillis: 0
00.01.42.792[TestNG-tests-1]DEBUGio.netty.buffer.PooledByteBufAllocator--Dio.netty.allocator.useCacheForAllThreads: false
00.01.42.792[TestNG-tests-1]DEBUGio.netty.buffer.PooledByteBufAllocator--Dio.netty.allocator.maxCachedByteBuffersPerChunk: 1023
00.01.42.812[TestNG-tests-1]DEBUGio.netty.buffer.ByteBufUtil--Dio.netty.allocator.type: pooled
00.01.42.813[TestNG-tests-1]DEBUGio.netty.buffer.ByteBufUtil--Dio.netty.threadLocalDirectBufferSize: 0
00.01.42.813[TestNG-tests-1]DEBUGio.netty.buffer.ByteBufUtil--Dio.netty.maxThreadLocalCharBufferSize: 16384
00.01.43.175[Forwarding newSession on session null to remote]DEBUGio.netty.channel.DefaultChannelId--Dio.netty.processId: 28244 (auto-detected)
00.01.43.177[Forwarding newSession on session null to remote]DEBUGio.netty.util.NetUtil--Djava.net.preferIPv4Stack: false
00.01.43.177[Forwarding newSession on session null to remote]DEBUGio.netty.util.NetUtil--Djava.net.preferIPv6Addresses: false
00.01.43.197[Forwarding newSession on session null to remote]DEBUGio.netty.util.NetUtilInitializations-Loopback interface: lo (Software Loopback Interface 1, 127.0.0.1)
00.01.43.199[Forwarding newSession on session null to remote]DEBUGio.netty.util.NetUtil-Failed to get SOMAXCONN from sysctl and file \proc\sys\net\core\somaxconn. Default: 200
00.01.43.253[Forwarding newSession on session null to remote]DEBUGio.netty.channel.DefaultChannelId--Dio.netty.machineId: ac:19:8e:ff:fe:72:3e:d1 (auto-detected)
00.01.43.309[AsyncHttpClient-1-3]DEBUGio.netty.buffer.AbstractByteBuf--Dio.netty.buffer.checkAccessible: true
00.01.43.310[AsyncHttpClient-1-3]DEBUGio.netty.buffer.AbstractByteBuf--Dio.netty.buffer.checkBounds: true
00.01.43.310[AsyncHttpClient-1-3]DEBUGio.netty.util.ResourceLeakDetectorFactory-Loaded default ResourceLeakDetector: io.netty.util.ResourceLeakDetector@6092ea11
00.01.43.342[AsyncHttpClient-1-3]DEBUGio.netty.util.Recycler--Dio.netty.recycler.maxCapacityPerThread: 4096
00.01.43.342[AsyncHttpClient-1-3]DEBUGio.netty.util.Recycler--Dio.netty.recycler.ratio: 8
00.01.43.343[AsyncHttpClient-1-3]DEBUGio.netty.util.Recycler--Dio.netty.recycler.chunkSize: 32
00.01.43.344[AsyncHttpClient-1-3]DEBUGio.netty.util.Recycler--Dio.netty.recycler.blocking: false
00.01.43.344[AsyncHttpClient-1-3]DEBUGio.netty.util.Recycler--Dio.netty.recycler.batchFastThreadLocalOnly: true
00.01.44.255[AsyncHttpClient-1-2]DEBUGio.netty.handler.codec.compression.Brotli-brotli4j not in the classpath; Brotli support will be unavailable.
00.01.44.450[TestNG-tests-1]DEBUGio.netty.util.internal.ThreadLocalRandom--Dio.netty.initialSeedUniquifier: 0x4ff519a843673f3b
00.01.44.527[TestNG-tests-2]DEBUGbaseTest.BaseTest-Driver initialized: ChromeDriver: chrome on windows (0d8e623425ae2146a2e56bb4d4f2989b)
00.01.44.527[TestNG-tests-1]DEBUGbaseTest.BaseTest-Driver initialized: ChromeDriver: chrome on windows (68a85a5e8d81c04ff7bdc56d3c0cb3fc)
00.01.44.527[TestNG-tests-2]DEBUGbaseTest.BaseTest-Driver initialized: ChromeDriver: chrome on windows (0d8e623425ae2146a2e56bb4d4f2989b)
00.01.44.528[TestNG-tests-1]DEBUGbaseTest.BaseTest-Driver initialized: ChromeDriver: chrome on windows (68a85a5e8d81c04ff7bdc56d3c0cb3fc)
Driver is : ChromeDriver: chrome on windows (0d8e623425ae2146a2e56bb4d4f2989b)
00.01.48.827[TestNG-tests-1]DEBUGorg.apache.poi.openxml4j.opc.PackageRelationshipCollection-Parsing relationship: /xl/_rels/workbook.xml.rels
00.01.48.835[TestNG-tests-1]DEBUGorg.apache.poi.openxml4j.opc.PackageRelationshipCollection-Parsing relationship: /_rels/.rels
00.01.49.989[TestNG-tests-1]DEBUGorg.apache.poi.openxml4j.opc.PackageRelationshipCollection-Parsing relationship: /xl/_rels/workbook.xml.rels
00.01.49.992[TestNG-tests-1]DEBUGorg.apache.poi.openxml4j.opc.PackageRelationshipCollection-Parsing relationship: /_rels/.rels
00.01.50.046[TestNG-tests-1]DEBUGorg.apache.poi.openxml4j.opc.PackageRelationshipCollection-Parsing relationship: /xl/_rels/workbook.xml.rels
00.01.50.049[TestNG-tests-1]DEBUGorg.apache.poi.openxml4j.opc.PackageRelationshipCollection-Parsing relationship: /_rels/.rels
00.01.50.121[TestNG-tests-1]DEBUGorg.apache.poi.openxml4j.opc.PackageRelationshipCollection-Parsing relationship: /xl/_rels/workbook.xml.rels
00.01.50.124[TestNG-tests-1]DEBUGorg.apache.poi.openxml4j.opc.PackageRelationshipCollection-Parsing relationship: /_rels/.rels
00.01.50.209[TestNG-tests-1]INFO baseTest.BaseTest-Initial Set up Done
Driver is : ChromeDriver: chrome on windows (68a85a5e8d81c04ff7bdc56d3c0cb3fc)
00.01.50.231[TestNG-tests-1]INFO baseTest.BaseTest-Login is working as expected

00.02.08.437[TestNG-tests-1]INFO baseTest.BaseTest-Login successful, HomePage is displayed.
00.02.08.437[TestNG-tests-1]INFO baseTest.BaseTest-HomePage object is created and User successfully logged in
00.02.09.554[TestNG-tests-1]INFO baseTest.BaseTest-ProductPage object is created and User successfully added product in cart.
00.02.17.384[TestNG-tests-1]INFO baseTest.BaseTest-CheckoutPage object is created and User successfully added product in cart.
00.02.24.344[TestNG-tests-1]INFO baseTest.BaseTest-CartPage object is created and User successfullyproceed to checkout.
Congratulations! Your order has been confirmed!
]]></system-out>
    <system-err><![CDATA[SLF4J: No SLF4J providers were found.
SLF4J: Defaulting to no-operation (NOP) logger implementation
SLF4J: See https://www.slf4j.org/codes.html#noProviders for further details.
Jan 25, 2026 12:01:44 AM org.openqa.selenium.devtools.CdpVersionFinder findNearestMatch
WARNING: Unable to find CDP implementation matching 143
Jan 25, 2026 12:01:44 AM org.openqa.selenium.devtools.CdpVersionFinder findNearestMatch
WARNING: Unable to find CDP implementation matching 143
Jan 25, 2026 12:01:44 AM org.openqa.selenium.chromium.ChromiumDriver lambda$new$5
WARNING: Unable to find version of CDP to use for 143.0.7499.171. You may need to include a dependency on a specific version of the CDP using something similar to `org.seleniumhq.selenium:selenium-devtools-v86:4.13.0` where the version ("v86") matches the version of the chromium-based browser you're using and the version number of the artifact is the same as Selenium's.
Jan 25, 2026 12:01:44 AM org.openqa.selenium.chromium.ChromiumDriver lambda$new$5
WARNING: Unable to find version of CDP to use for 143.0.7499.171. You may need to include a dependency on a specific version of the CDP using something similar to `org.seleniumhq.selenium:selenium-devtools-v86:4.13.0` where the version ("v86") matches the version of the chromium-based browser you're using and the version number of the artifact is the same as Selenium's.
]]></system-err>
  </testcase>
  <testcase name="buyProduct[mohan@mohan.com, Mohan@123](1)" classname="tests.EUTest" time="43.842">
    <system-out><![CDATA[00.02.30.092[TestNG-tests-2]INFO baseTest.BaseTest-Closing WebDriver...
00.02.30.801[TestNG-tests-2]DEBUGbaseTest.BaseTest-Driver closed successfully.
Congratulations! Your order has been confirmed!
00.02.34.035[TestNG-tests-1]INFO baseTest.BaseTest-PaymentPage object is created and User successfully made Payment
]]></system-out>
  </testcase>
</testsuite>